<?xml version="1.0" encoding="UTF-8"?>
<!-- Generated by org.testng.reporters.JUnitReportReporter -->
<testsuite hostname="DESKTOP-42IDNTL" failures="0" tests="4" name="test.GruopDemoTest2" time="0.011" errors="0" timestamp="2021-05-22T18:13:29 IST" skipped="0">
  <testcase classname="test.GruopDemoTest2" name="bTest4" time="0.002"/>
  <system-out/>
  <testcase classname="test.GruopDemoTest2" name="bTest3" time="0.006"/>
  <system-out/>
  <testcase classname="test.GruopDemoTest2" name="aTest1" time="0.002"/>
  <system-out/>
  <testcase classname="test.GruopDemoTest2" name="bTest2" time="0.001"/>
  <system-out/>
</testsuite> <!-- test.GruopDemoTest2 -->
