<?xml version="1.0" encoding="UTF-8"?>
<!-- Generated by org.testng.reporters.JUnitReportReporter -->
<testsuite hostname="DESKTOP-42IDNTL" failures="0" tests="4" name="test.LoginTest" time="0.012" errors="0" timestamp="2021-05-17T09:57:23 IST" skipped="0">
  <testcase classname="test.LoginTest" name="blogin" time="0.003"/>
  <system-out/>
  <testcase classname="test.LoginTest" name="blogin" time="0.002"/>
  <system-out/>
  <testcase classname="test.LoginTest" name="alogout" time="0.006"/>
  <system-out/>
  <testcase classname="test.LoginTest" name="alogout" time="0.001"/>
  <system-out/>
</testsuite> <!-- test.LoginTest -->
